
=== Fri Aug 13 17:22:33 2021

Packages were changed.
Update Mode: updateDependencies

The following packages were updated:
  com.unity.2d.animation from version 3.2.6 to 3.2.9
  com.unity.2d.psdimporter from version 2.1.6 to 2.1.8
  com.unity.2d.spriteshape from version 3.0.15 to 3.0.16
  com.unity.collab-proxy from version 1.2.16 to 1.6.0
  com.unity.test-framework from version 1.1.24 to 1.1.27

=== Fri Aug 13 18:57:58 2021

Packages were changed.
Update Mode: updateDependencies

The following packages were updated:
  com.unity.2d.animation from version 3.2.6 to 3.2.9
  com.unity.2d.psdimporter from version 2.1.6 to 2.1.8
  com.unity.2d.spriteshape from version 3.0.15 to 3.0.16
  com.unity.collab-proxy from version 1.2.16 to 1.6.0
  com.unity.test-framework from version 1.1.24 to 1.1.27

=== Mon Aug 16 17:09:26 2021

Packages were changed.
Update Mode: updateDependencies

The following packages were updated:
  com.unity.2d.animation from version 3.2.6 to 3.2.9
  com.unity.2d.psdimporter from version 2.1.6 to 2.1.8
  com.unity.2d.spriteshape from version 3.0.15 to 3.0.16
  com.unity.collab-proxy from version 1.2.16 to 1.6.0
  com.unity.test-framework from version 1.1.24 to 1.1.27

=== Fri Aug 20 08:02:10 2021

Packages were changed.
Update Mode: updateDependencies

The following packages were updated:
  com.unity.2d.animation from version 3.2.6 to 3.2.9
  com.unity.2d.psdimporter from version 2.1.6 to 2.1.8
  com.unity.2d.spriteshape from version 3.0.15 to 3.0.16
  com.unity.collab-proxy from version 1.2.16 to 1.6.0
  com.unity.test-framework from version 1.1.24 to 1.1.27
